Построение начато 09.03.2017 14:23:38.
     1>Проект "C:\Users\Валерий\Documents\Visual Studio 2010\Methods\Methods1P\Methods1P\Methods1P.vcxproj" в узле 2 (целевые объекты build).
     1>InitializeBuildStatus:
         Создание "Debug\Methods1P.unsuccessfulbuild", так как было задано "AlwaysCreate".
       ClCompile:
         C:\Program Files (x86)\Microsoft Visual Studio 10.0\VC\bin\CL.exe /c /ZI /nologo /W3 /WX- /Od /Oy- /D WIN32 /D _DEBUG /D _CONSOLE /D _UNICODE /D UNICODE /Gm /EHsc /RTC1 /MDd /GS /fp:precise /Zc:wchar_t /Zc:forScope /Fo"Debug\\" /Fd"Debug\vc100.pdb" /Gd /TP /analyze- /errorReport:prompt client.cpp functions.cpp
         functions.cpp
     1>c:\users\валерий\documents\visual studio 2010\methods\methods1p\methods1p\functions.cpp(196): warning C4101: 'pl' : unreferenced local variable
     1>c:\users\валерий\documents\visual studio 2010\methods\methods1p\methods1p\functions.cpp(421): warning C4018: '<' : signed/unsigned mismatch
         Generating Code...
         Skipping... (no relevant changes detected)
         client.cpp
       ManifestResourceCompile:
         Для всех выходных данных обновления не требуется.
       Link:
         C:\Program Files (x86)\Microsoft Visual Studio 10.0\VC\bin\link.exe /ERRORREPORT:PROMPT /OUT:"C:\Users\Валерий\Documents\Visual Studio 2010\Methods\Methods1P\Debug\Methods1P.exe" /INCREMENTAL /NOLOGO kernel32.lib user32.lib gdi32.lib winspool.lib comdlg32.lib advapi32.lib shell32.lib ole32.lib oleaut32.lib uuid.lib odbc32.lib odbccp32.lib /MANIFEST /ManifestFile:"Debug\Methods1P.exe.intermediate.manifest" /MANIFESTUAC:"level='asInvoker' uiAccess='false'" /DEBUG /PDB:"C:\Users\Валерий\Documents\Visual Studio 2010\Methods\Methods1P\Debug\Methods1P.pdb" /SUBSYSTEM:CONSOLE /TLBID:1 /DYNAMICBASE /NXCOMPAT /IMPLIB:"C:\Users\Валерий\Documents\Visual Studio 2010\Methods\Methods1P\Debug\Methods1P.lib" /MACHINE:X86 Debug\Methods1P.exe.embed.manifest.res
         Debug\client.obj
         Debug\functions.obj
       Manifest:
         C:\Program Files (x86)\Microsoft SDKs\Windows\v7.0A\bin\mt.exe /nologo /verbose /out:"Debug\Methods1P.exe.embed.manifest" /manifest Debug\Methods1P.exe.intermediate.manifest
         Для всех выходных данных обновления не требуется.
       LinkEmbedManifest:
         Для всех выходных данных обновления не требуется.
         Methods1P.vcxproj -> C:\Users\Валерий\Documents\Visual Studio 2010\Methods\Methods1P\Debug\Methods1P.exe
       FinalizeBuildStatus:
         Файл "Debug\Methods1P.unsuccessfulbuild" удаляется.
         Обращение к "Debug\Methods1P.lastbuildstate".
     1>Построение проекта "C:\Users\Валерий\Documents\Visual Studio 2010\Methods\Methods1P\Methods1P\Methods1P.vcxproj" завершено (целевые объекты build).

Построение успешно завершено.

Затраченное время: 00:00:05.04
